[0.108s] DEBUG:colcon:Command line arguments: ['/usr/bin/colcon', 'build', '--packages-select', 'fake_sensors']
[0.108s] DEBUG:colcon:Parsed command line arguments: Namespace(log_base=None, log_level=None, verb_name='build', build_base='build', install_base='install', merge_install=False, symlink_install=False, test_result_base=None, continue_on_error=False, executor='parallel', parallel_workers=2, event_handlers=None, ignore_user_meta=False, metas=['./colcon.meta'], base_paths=['.'], packages_ignore=None, packages_ignore_regex=None, paths=None, packages_up_to=None, packages_up_to_regex=None, packages_above=None, packages_above_and_dependencies=None, packages_above_depth=None, packages_select_by_dep=None, packages_skip_by_dep=None, packages_skip_up_to=None, packages_select_build_failed=False, packages_skip_build_finished=False, packages_select_test_failures=False, packages_skip_test_passed=False, packages_select=['fake_sensors'], packages_skip=None, packages_select_regex=None, packages_skip_regex=None, packages_start=None, packages_end=None, allow_overriding=[], cmake_args=None, cmake_target=None, cmake_target_skip_unavailable=False, cmake_clean_cache=False, cmake_clean_first=False, cmake_force_configure=False, ament_cmake_args=None, catkin_cmake_args=None, catkin_skip_building_tests=False, mixin_files=None, mixin=None, verb_parser=<colcon_mixin.mixin.mixin_argument.MixinArgumentDecorator object at 0x72f7500893a0>, verb_extension=<colcon_core.verb.build.BuildVerb object at 0x72f7500890d0>, main=<bound method BuildVerb.main of <colcon_core.verb.build.BuildVerb object at 0x72f7500890d0>>, mixin_verb=('build',))
[0.145s] Level 1:colcon.colcon_core.package_discovery:discover_packages(colcon_meta) check parameters
[0.146s] Level 1:colcon.colcon_core.package_discovery:discover_packages(recursive) check parameters
[0.146s] Level 1:colcon.colcon_core.package_discovery:discover_packages(ignore) check parameters
[0.146s] Level 1:colcon.colcon_core.package_discovery:discover_packages(path) check parameters
[0.146s] Level 1:colcon.colcon_core.package_discovery:discover_packages(colcon_meta) discover
[0.146s] Level 1:colcon.colcon_core.package_discovery:discover_packages(recursive) discover
[0.146s] INFO:colcon.colcon_core.package_discovery:Crawling recursively for packages in '/home/homer/Documents/Ros2FakeSensors/fake_sensors'
[0.146s] Level 1:colcon.colcon_core.package_identification:_identify(.) by extensions ['ignore', 'ignore_ament_install']
[0.146s] Level 1:colcon.colcon_core.package_identification:_identify(.) by extension 'ignore'
[0.146s] Level 1:colcon.colcon_core.package_identification:_identify(.) by extension 'ignore_ament_install'
[0.146s] Level 1:colcon.colcon_core.package_identification:_identify(.) by extensions ['colcon_pkg']
[0.146s] Level 1:colcon.colcon_core.package_identification:_identify(.) by extension 'colcon_pkg'
[0.146s] Level 1:colcon.colcon_core.package_identification:_identify(.) by extensions ['colcon_meta']
[0.146s] Level 1:colcon.colcon_core.package_identification:_identify(.) by extension 'colcon_meta'
[0.146s] Level 1:colcon.colcon_core.package_identification:_identify(.) by extensions ['ros']
[0.146s] Level 1:colcon.colcon_core.package_identification:_identify(.) by extension 'ros'
[0.173s] DEBUG:colcon.colcon_core.package_identification:Package '.' with type 'ros.ament_cmake' and name 'fake_sensors'
[0.173s] Level 1:colcon.colcon_core.package_discovery:discover_packages(recursive) using defaults
[0.173s] Level 1:colcon.colcon_core.package_discovery:discover_packages(ignore) discover
[0.173s] Level 1:colcon.colcon_core.package_discovery:discover_packages(ignore) using defaults
[0.173s] Level 1:colcon.colcon_core.package_discovery:discover_packages(path) discover
[0.173s] Level 1:colcon.colcon_core.package_discovery:discover_packages(path) using defaults
[0.190s] Level 1:colcon.colcon_core.package_discovery:discover_packages(prefix_path) check parameters
[0.190s] Level 1:colcon.colcon_core.package_discovery:discover_packages(prefix_path) discover
[0.192s] DEBUG:colcon.colcon_installed_package_information.package_discovery:Found 243 installed packages in /opt/ros/jazzy
[0.193s] Level 1:colcon.colcon_core.package_discovery:discover_packages(prefix_path) using defaults
[0.234s] Level 5:colcon.colcon_core.verb:set package 'fake_sensors' build argument 'cmake_args' from command line to 'None'
[0.234s] Level 5:colcon.colcon_core.verb:set package 'fake_sensors' build argument 'cmake_target' from command line to 'None'
[0.234s] Level 5:colcon.colcon_core.verb:set package 'fake_sensors' build argument 'cmake_target_skip_unavailable' from command line to 'False'
[0.234s] Level 5:colcon.colcon_core.verb:set package 'fake_sensors' build argument 'cmake_clean_cache' from command line to 'False'
[0.234s] Level 5:colcon.colcon_core.verb:set package 'fake_sensors' build argument 'cmake_clean_first' from command line to 'False'
[0.234s] Level 5:colcon.colcon_core.verb:set package 'fake_sensors' build argument 'cmake_force_configure' from command line to 'False'
[0.234s] Level 5:colcon.colcon_core.verb:set package 'fake_sensors' build argument 'ament_cmake_args' from command line to 'None'
[0.234s] Level 5:colcon.colcon_core.verb:set package 'fake_sensors' build argument 'catkin_cmake_args' from command line to 'None'
[0.234s] Level 5:colcon.colcon_core.verb:set package 'fake_sensors' build argument 'catkin_skip_building_tests' from command line to 'False'
[0.234s] DEBUG:colcon.colcon_core.verb:Building package 'fake_sensors' with the following arguments: {'ament_cmake_args': None, 'build_base': '/home/homer/Documents/Ros2FakeSensors/fake_sensors/build/fake_sensors', 'catkin_cmake_args': None, 'catkin_skip_building_tests': False, 'cmake_args': None, 'cmake_clean_cache': False, 'cmake_clean_first': False, 'cmake_force_configure': False, 'cmake_target': None, 'cmake_target_skip_unavailable': False, 'install_base': '/home/homer/Documents/Ros2FakeSensors/fake_sensors/install/fake_sensors', 'merge_install': False, 'path': '/home/homer/Documents/Ros2FakeSensors/fake_sensors', 'symlink_install': False, 'test_result_base': None}
[0.234s] INFO:colcon.colcon_core.executor:Executing jobs using 'parallel' executor
[0.236s] DEBUG:colcon.colcon_parallel_executor.executor.parallel:run_until_complete
[0.237s] INFO:colcon.colcon_ros.task.ament_cmake.build:Building ROS package in '/home/homer/Documents/Ros2FakeSensors/fake_sensors' with build type 'ament_cmake'
[0.237s] INFO:colcon.colcon_cmake.task.cmake.build:Building CMake package in '/home/homer/Documents/Ros2FakeSensors/fake_sensors'
[0.239s] INFO:colcon.colcon_core.plugin_system:Skipping extension 'colcon_core.shell.bat': Not used on non-Windows systems
[0.239s] INFO:colcon.colcon_core.shell:Skip shell extension 'powershell' for command environment: Not usable outside of PowerShell
[0.239s] DEBUG:colcon.colcon_core.shell:Skip shell extension 'dsv' for command environment
[0.256s] DEBUG:colcon.colcon_core.event_handler.log_command:Invoking command in '/home/homer/Documents/Ros2FakeSensors/fake_sensors/build/fake_sensors': CMAKE_PREFIX_PATH=/opt/ros/jazzy DEBUGINFOD_URLS=https://debuginfod.ubuntu.com /usr/bin/cmake /home/homer/Documents/Ros2FakeSensors/fake_sensors -DCMAKE_INSTALL_PREFIX=/home/homer/Documents/Ros2FakeSensors/fake_sensors/install/fake_sensors
[1.166s] DEBUG:colcon.colcon_core.event_handler.log_command:Invoked command in '/home/homer/Documents/Ros2FakeSensors/fake_sensors/build/fake_sensors' returned '0': CMAKE_PREFIX_PATH=/opt/ros/jazzy DEBUGINFOD_URLS=https://debuginfod.ubuntu.com /usr/bin/cmake /home/homer/Documents/Ros2FakeSensors/fake_sensors -DCMAKE_INSTALL_PREFIX=/home/homer/Documents/Ros2FakeSensors/fake_sensors/install/fake_sensors
[1.168s] DEBUG:colcon.colcon_core.event_handler.log_command:Invoking command in '/home/homer/Documents/Ros2FakeSensors/fake_sensors/build/fake_sensors': CMAKE_PREFIX_PATH=/opt/ros/jazzy DEBUGINFOD_URLS=https://debuginfod.ubuntu.com /usr/bin/cmake --build /home/homer/Documents/Ros2FakeSensors/fake_sensors/build/fake_sensors -- -j2 -l2
[17.759s] DEBUG:colcon.colcon_core.event_handler.log_command:Invoked command in '/home/homer/Documents/Ros2FakeSensors/fake_sensors/build/fake_sensors' returned '0': CMAKE_PREFIX_PATH=/opt/ros/jazzy DEBUGINFOD_URLS=https://debuginfod.ubuntu.com /usr/bin/cmake --build /home/homer/Documents/Ros2FakeSensors/fake_sensors/build/fake_sensors -- -j2 -l2
[17.862s] DEBUG:colcon.colcon_core.event_handler.log_command:Invoking command in '/home/homer/Documents/Ros2FakeSensors/fake_sensors/build/fake_sensors': CMAKE_PREFIX_PATH=/opt/ros/jazzy DEBUGINFOD_URLS=https://debuginfod.ubuntu.com /usr/bin/cmake --install /home/homer/Documents/Ros2FakeSensors/fake_sensors/build/fake_sensors
[17.883s] DEBUG:colcon.colcon_core.event_handler.log_command:Invoked command in '/home/homer/Documents/Ros2FakeSensors/fake_sensors/build/fake_sensors' returned '1': CMAKE_PREFIX_PATH=/opt/ros/jazzy DEBUGINFOD_URLS=https://debuginfod.ubuntu.com /usr/bin/cmake --install /home/homer/Documents/Ros2FakeSensors/fake_sensors/build/fake_sensors
[17.962s] Level 1:colcon.colcon_core.environment:create_environment_scripts_only(fake_sensors)
[17.966s] Level 1:colcon.colcon_core.environment:checking '/home/homer/Documents/Ros2FakeSensors/fake_sensors/install/fake_sensors' for CMake module files
[17.967s] Level 1:colcon.colcon_core.environment:checking '/home/homer/Documents/Ros2FakeSensors/fake_sensors/install/fake_sensors' for CMake config files
[17.967s] Level 1:colcon.colcon_core.environment:checking '/home/homer/Documents/Ros2FakeSensors/fake_sensors/install/fake_sensors/lib'
[17.967s] Level 1:colcon.colcon_core.environment:checking '/home/homer/Documents/Ros2FakeSensors/fake_sensors/install/fake_sensors/bin'
[17.967s] Level 1:colcon.colcon_core.environment:checking '/home/homer/Documents/Ros2FakeSensors/fake_sensors/install/fake_sensors/lib/pkgconfig/fake_sensors.pc'
[17.967s] Level 1:colcon.colcon_core.environment:checking '/home/homer/Documents/Ros2FakeSensors/fake_sensors/install/fake_sensors/lib/python3.12/site-packages'
[17.968s] Level 1:colcon.colcon_core.environment:checking '/home/homer/Documents/Ros2FakeSensors/fake_sensors/install/fake_sensors/bin'
[17.968s] INFO:colcon.colcon_core.shell:Creating package script '/home/homer/Documents/Ros2FakeSensors/fake_sensors/install/fake_sensors/share/fake_sensors/package.ps1'
[17.969s] INFO:colcon.colcon_core.shell:Creating package descriptor '/home/homer/Documents/Ros2FakeSensors/fake_sensors/install/fake_sensors/share/fake_sensors/package.dsv'
[17.970s] INFO:colcon.colcon_core.shell:Creating package script '/home/homer/Documents/Ros2FakeSensors/fake_sensors/install/fake_sensors/share/fake_sensors/package.sh'
[17.971s] INFO:colcon.colcon_core.shell:Creating package script '/home/homer/Documents/Ros2FakeSensors/fake_sensors/install/fake_sensors/share/fake_sensors/package.bash'
[17.973s] INFO:colcon.colcon_core.shell:Creating package script '/home/homer/Documents/Ros2FakeSensors/fake_sensors/install/fake_sensors/share/fake_sensors/package.zsh'
[17.974s] Level 1:colcon.colcon_core.environment:create_file_with_runtime_dependencies(/home/homer/Documents/Ros2FakeSensors/fake_sensors/install/fake_sensors/share/colcon-core/packages/fake_sensors)
[17.986s] DEBUG:colcon.colcon_parallel_executor.executor.parallel:closing loop
[17.986s] DEBUG:colcon.colcon_parallel_executor.executor.parallel:loop closed
[17.986s] DEBUG:colcon.colcon_parallel_executor.executor.parallel:run_until_complete finished with '1'
[17.986s] DEBUG:colcon.colcon_core.event_reactor:joining thread
[17.995s] INFO:colcon.colcon_core.plugin_system:Skipping extension 'colcon_notification.desktop_notification.terminal_notifier': Not used on non-Darwin systems
[17.996s] INFO:colcon.colcon_core.plugin_system:Skipping extension 'colcon_notification.desktop_notification.win32': Not used on non-Windows systems
[17.996s] INFO:colcon.colcon_notification.desktop_notification:Sending desktop notification using 'notify2'
[18.016s] DEBUG:colcon.colcon_core.event_reactor:joined thread
[18.016s] INFO:colcon.colcon_core.shell:Creating prefix script '/home/homer/Documents/Ros2FakeSensors/fake_sensors/install/local_setup.ps1'
[18.018s] INFO:colcon.colcon_core.shell:Creating prefix util module '/home/homer/Documents/Ros2FakeSensors/fake_sensors/install/_local_setup_util_ps1.py'
[18.020s] INFO:colcon.colcon_core.shell:Creating prefix chain script '/home/homer/Documents/Ros2FakeSensors/fake_sensors/install/setup.ps1'
[18.022s] INFO:colcon.colcon_core.shell:Creating prefix script '/home/homer/Documents/Ros2FakeSensors/fake_sensors/install/local_setup.sh'
[18.024s] INFO:colcon.colcon_core.shell:Creating prefix util module '/home/homer/Documents/Ros2FakeSensors/fake_sensors/install/_local_setup_util_sh.py'
[18.026s] INFO:colcon.colcon_core.shell:Creating prefix chain script '/home/homer/Documents/Ros2FakeSensors/fake_sensors/install/setup.sh'
[18.027s] INFO:colcon.colcon_core.shell:Creating prefix script '/home/homer/Documents/Ros2FakeSensors/fake_sensors/install/local_setup.bash'
[18.028s] INFO:colcon.colcon_core.shell:Creating prefix chain script '/home/homer/Documents/Ros2FakeSensors/fake_sensors/install/setup.bash'
[18.030s] INFO:colcon.colcon_core.shell:Creating prefix script '/home/homer/Documents/Ros2FakeSensors/fake_sensors/install/local_setup.zsh'
[18.031s] INFO:colcon.colcon_core.shell:Creating prefix chain script '/home/homer/Documents/Ros2FakeSensors/fake_sensors/install/setup.zsh'
