[ 16%] [32mBuilding CXX object CMakeFiles/camera_subscriber.dir/src/camera_subscriber.cpp.o[0m
[ 50%] Built target fake_camera_pro
[ 83%] Built target fake_lidar_pro
[01m[K/home/homer/Documents/Ros2FakeSensors/fake_sensors/src/camera_subscriber.cpp:68:2:[m[K [01;31m[Kerror: [m[Kunterminated argument list invoking macro "RCLCPP_INFO"
   68 | }
      |  [01;31m[K^[m[K
[01m[K/home/homer/Documents/Ros2FakeSensors/fake_sensors/src/camera_subscriber.cpp:15:9:[m[K [01;31m[Kerror: [m[K‘[01m[Ksensor_msgs[m[K’ does not name a type
   15 | typedef [01;31m[Ksensor_msgs[m[K::msg::Image ImageMsg;
      |         [01;31m[K^~~~~~~~~~~[m[K
[01m[K/home/homer/Documents/Ros2FakeSensors/fake_sensors/src/camera_subscriber.cpp:26:26:[m[K [01;31m[Kerror: [m[K‘[01m[KImageMsg[m[K’ was not declared in this scope
   26 |     rclcpp::Subscription<[01;31m[KImageMsg[m[K>::SharedPtr _camera_scan_subscribtion;
      |                          [01;31m[K^~~~~~~~[m[K
[01m[K/home/homer/Documents/Ros2FakeSensors/fake_sensors/src/camera_subscriber.cpp:26:34:[m[K [01;31m[Kerror: [m[Ktemplate argument 1 is invalid
   26 |     rclcpp::Subscription<ImageMsg[01;31m[K>[m[K::SharedPtr _camera_scan_subscribtion;
      |                                  [01;31m[K^[m[K
[01m[K/home/homer/Documents/Ros2FakeSensors/fake_sensors/src/camera_subscriber.cpp:26:34:[m[K [01;31m[Kerror: [m[Ktemplate argument 3 is invalid
[01m[K/home/homer/Documents/Ros2FakeSensors/fake_sensors/src/camera_subscriber.cpp:26:34:[m[K [01;31m[Kerror: [m[Ktemplate argument 4 is invalid
[01m[K/home/homer/Documents/Ros2FakeSensors/fake_sensors/src/camera_subscriber.cpp:26:34:[m[K [01;31m[Kerror: [m[Ktemplate argument 5 is invalid
[01m[K/home/homer/Documents/Ros2FakeSensors/fake_sensors/src/camera_subscriber.cpp:26:37:[m[K [01;31m[Kerror: [m[Kexpected ‘[01m[K;[m[K’ at end of member declaration
   26 |     rclcpp::Subscription<ImageMsg>::[01;31m[KSharedPtr[m[K _camera_scan_subscribtion;
      |                                     [01;31m[K^~~~~~~~~[m[K
      |                                              [32m[K;[m[K
[01m[K/home/homer/Documents/Ros2FakeSensors/fake_sensors/src/camera_subscriber.cpp:26:47:[m[K [01;31m[Kerror: [m[K‘[01m[K_camera_scan_subscribtion[m[K’ does not name a type
   26 |     rclcpp::Subscription<ImageMsg>::SharedPtr [01;31m[K_camera_scan_subscribtion[m[K;
      |                                               [01;31m[K^~~~~~~~~~~~~~~~~~~~~~~~~[m[K
[01m[K/home/homer/Documents/Ros2FakeSensors/fake_sensors/src/camera_subscriber.cpp:29:32:[m[K [01;31m[Kerror: [m[K‘[01m[KImageMsg[m[K’ has not been declared
   29 |     void _camera_scan_callback([01;31m[KImageMsg[m[K::UniquePtr msg);
      |                                [01;31m[K^~~~~~~~[m[K
[01m[K/home/homer/Documents/Ros2FakeSensors/fake_sensors/src/camera_subscriber.cpp:29:52:[m[K [01;31m[Kerror: [m[Kexpected ‘[01m[K,[m[K’ or ‘[01m[K...[m[K’ before ‘[01m[Kmsg[m[K’
   29 |     void _camera_scan_callback(ImageMsg::UniquePtr [01;31m[Kmsg[m[K);
      |                                                    [01;31m[K^~~[m[K
[01m[K/home/homer/Documents/Ros2FakeSensors/fake_sensors/src/camera_subscriber.cpp:[m[K In constructor ‘[01m[KCameraSubscriber::[01;32m[KCameraSubscriber[m[K()[m[K’:
[01m[K/home/homer/Documents/Ros2FakeSensors/fake_sensors/src/camera_subscriber.cpp:35:5:[m[K [01;31m[Kerror: [m[K‘[01m[K_camera_scan_subscribtion[m[K’ was not declared in this scope
   35 |     [01;31m[K_camera_scan_subscribtion[m[K = this->create_subscription<ImageMsg>(
      |     [01;31m[K^~~~~~~~~~~~~~~~~~~~~~~~~[m[K
[01m[K/home/homer/Documents/Ros2FakeSensors/fake_sensors/src/camera_subscriber.cpp:35:59:[m[K [01;31m[Kerror: [m[K‘[01m[KImageMsg[m[K’ was not declared in this scope
   35 |     _camera_scan_subscribtion = this->create_subscription<[01;31m[KImageMsg[m[K>(
      |                                                           [01;31m[K^~~~~~~~[m[K
[01m[K/home/homer/Documents/Ros2FakeSensors/fake_sensors/src/camera_subscriber.cpp:35:68:[m[K [01;31m[Kerror: [m[Kno matching function for call to ‘[01m[KCameraSubscriber::create_subscription<<expression error> >(const char [12], int, std::_Bind_helper<false, void (CameraSubscriber::*)(int), CameraSubscriber*, const std::_Placeholder<1>&>::type)[m[K’
   35 |     _camera_scan_subscribtion = [01;31m[Kthis->create_subscription<ImageMsg>([m[K
      |                                 [01;31m[K~~~~~~~~~~~~~~~~~~~~~~~~~~~~~~~~~~~^[m[K
   36 | [01;31m[K        "camera_scan",[m[K
      |         [01;31m[K~~~~~~~~~~~~~~[m[K                                              
   37 | [01;31m[K        10,[m[K
      |         [01;31m[K~~~[m[K                                                         
   38 | [01;31m[K        std::bind(&CameraSubscriber::_camera_scan_callback, this, std::placeholders::_1)[m[K
      |         [01;31m[K~~~~~~~~~~~~~~~~~~~~~~~~~~~~~~~~~~~~~~~~~~~~~~~~~~~~~~~~~~~~~~~~~~~~~~~~~~~~~~~~[m[K
   39 | [01;31m[K    )[m[K;
      |     [01;31m[K~[m[K                                                               
In file included from [01m[K/opt/ros/jazzy/include/rclcpp/rclcpp/executors/single_threaded_executor.hpp:28[m[K,
                 from [01m[K/opt/ros/jazzy/include/rclcpp/rclcpp/executors.hpp:22[m[K,
                 from [01m[K/opt/ros/jazzy/include/rclcpp/rclcpp/rclcpp.hpp:172[m[K,
                 from [01m[K/home/homer/Documents/Ros2FakeSensors/fake_sensors/src/camera_subscriber.cpp:9[m[K:
[01m[K/opt/ros/jazzy/include/rclcpp/rclcpp/node.hpp:221:3:[m[K [01;36m[Knote: [m[Kcandidate: ‘[01m[Ktemplate<class MessageT, class CallbackT, class AllocatorT, class SubscriptionT, class MessageMemoryStrategyT> std::shared_ptr<ROSMessageT> rclcpp::Node::[01;32m[Kcreate_subscription[m[K(const std::string&, const rclcpp::QoS&, CallbackT&&, const rclcpp::SubscriptionOptionsWithAllocator<AllocatorT>&, typename MessageMemoryStrategyT::SharedPtr)[m[K’
  221 |   [01;36m[Kcreate_subscription[m[K(
      |   [01;36m[K^~~~~~~~~~~~~~~~~~~[m[K
[01m[K/opt/ros/jazzy/include/rclcpp/rclcpp/node.hpp:221:3:[m[K [01;36m[Knote: [m[K  template argument deduction/substitution failed:
[01m[K/home/homer/Documents/Ros2FakeSensors/fake_sensors/src/camera_subscriber.cpp:35:68:[m[K [01;31m[Kerror: [m[Ktemplate argument 1 is invalid
   35 |     _camera_scan_subscribtion = [01;31m[Kthis->create_subscription<ImageMsg>([m[K
      |                                 [01;31m[K~~~~~~~~~~~~~~~~~~~~~~~~~~~~~~~~~~~^[m[K
   36 | [01;31m[K        "camera_scan",[m[K
      |         [01;31m[K~~~~~~~~~~~~~~[m[K                                              
   37 | [01;31m[K        10,[m[K
      |         [01;31m[K~~~[m[K                                                         
   38 | [01;31m[K        std::bind(&CameraSubscriber::_camera_scan_callback, this, std::placeholders::_1)[m[K
      |         [01;31m[K~~~~~~~~~~~~~~~~~~~~~~~~~~~~~~~~~~~~~~~~~~~~~~~~~~~~~~~~~~~~~~~~~~~~~~~~~~~~~~~~[m[K
   39 | [01;31m[K    )[m[K;
      |     [01;31m[K~[m[K                                                               
[01m[K/home/homer/Documents/Ros2FakeSensors/fake_sensors/src/camera_subscriber.cpp:[m[K At global scope:
[01m[K/home/homer/Documents/Ros2FakeSensors/fake_sensors/src/camera_subscriber.cpp:43:1:[m[K [01;31m[Kerror: [m[K‘[01m[Kstring[m[K’ does not name a type; did you mean ‘[01m[Kstdin[m[K’?
   43 | [01;31m[Kstring[m[K CameraSubscriber::_camera_data_to_string(std::vector<uint8_t> data){
      | [01;31m[K^~~~~~[m[K
      | [32m[Kstdin[m[K
[01m[K/home/homer/Documents/Ros2FakeSensors/fake_sensors/src/camera_subscriber.cpp:53:6:[m[K [01;31m[Kerror: [m[Kvariable or field ‘[01m[K_camera_scan_callback[m[K’ declared void
   53 | void [01;31m[KCameraSubscriber[m[K::_camera_scan_callback(ImageMsg::UniquePtr msg)
      |      [01;31m[K^~~~~~~~~~~~~~~~[m[K
[01m[K/home/homer/Documents/Ros2FakeSensors/fake_sensors/src/camera_subscriber.cpp:53:46:[m[K [01;31m[Kerror: [m[K‘[01m[KImageMsg[m[K’ has not been declared
   53 | void CameraSubscriber::_camera_scan_callback([01;31m[KImageMsg[m[K::UniquePtr msg)
      |                                              [01;31m[K^~~~~~~~[m[K
gmake[2]: *** [CMakeFiles/camera_subscriber.dir/build.make:76: CMakeFiles/camera_subscriber.dir/src/camera_subscriber.cpp.o] Error 1
gmake[1]: *** [CMakeFiles/Makefile2:141: CMakeFiles/camera_subscriber.dir/all] Error 2
gmake: *** [Makefile:146: all] Error 2
