[0.020s] Invoking command in '/home/homer/Documents/Ros2FakeSensors/fake_sensors/build/fake_sensors': CMAKE_PREFIX_PATH=${CMAKE_PREFIX_PATH}:/opt/ros/jazzy DEBUGINFOD_URLS=https://debuginfod.ubuntu.com /usr/bin/cmake --build /home/homer/Documents/Ros2FakeSensors/fake_sensors/build/fake_sensors -- -j2 -l2
[0.139s] [ 25%] Built target lidar_subscriber
[0.139s] [ 50%] Built target camera_subscriber
[0.198s] [ 75%] Built target fake_camera_pro
[0.211s] [ 87%] [32mBuilding CXX object CMakeFiles/fake_lidar_pro.dir/src/fake_lidar_pro.cpp.o[0m
[5.975s] [100%] [32m[1mLinking CXX executable fake_lidar_pro[0m
[6.212s] [100%] Built target fake_lidar_pro
[6.229s] Invoked command in '/home/homer/Documents/Ros2FakeSensors/fake_sensors/build/fake_sensors' returned '0': CMAKE_PREFIX_PATH=${CMAKE_PREFIX_PATH}:/opt/ros/jazzy DEBUGINFOD_URLS=https://debuginfod.ubuntu.com /usr/bin/cmake --build /home/homer/Documents/Ros2FakeSensors/fake_sensors/build/fake_sensors -- -j2 -l2
[6.325s] Invoking command in '/home/homer/Documents/Ros2FakeSensors/fake_sensors/build/fake_sensors': CMAKE_PREFIX_PATH=${CMAKE_PREFIX_PATH}:/opt/ros/jazzy DEBUGINFOD_URLS=https://debuginfod.ubuntu.com /usr/bin/cmake --install /home/homer/Documents/Ros2FakeSensors/fake_sensors/build/fake_sensors
[6.336s] -- Install configuration: ""
[6.337s] -- Up-to-date: /home/homer/Documents/Ros2FakeSensors/fake_sensors/install/fake_sensors/lib/fake_sensors/camera_subscriber
[6.341s] -- Up-to-date: /home/homer/Documents/Ros2FakeSensors/fake_sensors/install/fake_sensors/lib/fake_sensors/lidar_subscriber
[6.341s] -- Installing: /home/homer/Documents/Ros2FakeSensors/fake_sensors/install/fake_sensors/lib/fake_sensors/fake_lidar_pro
[6.343s] -- Set non-toolchain portion of runtime path of "/home/homer/Documents/Ros2FakeSensors/fake_sensors/install/fake_sensors/lib/fake_sensors/fake_lidar_pro" to ""
[6.344s] -- Up-to-date: /home/homer/Documents/Ros2FakeSensors/fake_sensors/install/fake_sensors/lib/fake_sensors/fake_camera_pro
[6.344s] -- Up-to-date: /home/homer/Documents/Ros2FakeSensors/fake_sensors/install/fake_sensors/share/ament_index/resource_index/package_run_dependencies/fake_sensors
[6.344s] -- Up-to-date: /home/homer/Documents/Ros2FakeSensors/fake_sensors/install/fake_sensors/share/ament_index/resource_index/parent_prefix_path/fake_sensors
[6.344s] -- Up-to-date: /home/homer/Documents/Ros2FakeSensors/fake_sensors/install/fake_sensors/share/fake_sensors/environment/ament_prefix_path.sh
[6.344s] -- Up-to-date: /home/homer/Documents/Ros2FakeSensors/fake_sensors/install/fake_sensors/share/fake_sensors/environment/ament_prefix_path.dsv
[6.344s] -- Up-to-date: /home/homer/Documents/Ros2FakeSensors/fake_sensors/install/fake_sensors/share/fake_sensors/environment/path.sh
[6.344s] -- Up-to-date: /home/homer/Documents/Ros2FakeSensors/fake_sensors/install/fake_sensors/share/fake_sensors/environment/path.dsv
[6.347s] -- Up-to-date: /home/homer/Documents/Ros2FakeSensors/fake_sensors/install/fake_sensors/share/fake_sensors/local_setup.bash
[6.351s] -- Up-to-date: /home/homer/Documents/Ros2FakeSensors/fake_sensors/install/fake_sensors/share/fake_sensors/local_setup.sh
[6.351s] -- Up-to-date: /home/homer/Documents/Ros2FakeSensors/fake_sensors/install/fake_sensors/share/fake_sensors/local_setup.zsh
[6.351s] -- Up-to-date: /home/homer/Documents/Ros2FakeSensors/fake_sensors/install/fake_sensors/share/fake_sensors/local_setup.dsv
[6.351s] -- Installing: /home/homer/Documents/Ros2FakeSensors/fake_sensors/install/fake_sensors/share/fake_sensors/package.dsv
[6.351s] -- Up-to-date: /home/homer/Documents/Ros2FakeSensors/fake_sensors/install/fake_sensors/share/ament_index/resource_index/packages/fake_sensors
[6.351s] -- Up-to-date: /home/homer/Documents/Ros2FakeSensors/fake_sensors/install/fake_sensors/share/fake_sensors/cmake/fake_sensorsConfig.cmake
[6.351s] -- Up-to-date: /home/homer/Documents/Ros2FakeSensors/fake_sensors/install/fake_sensors/share/fake_sensors/cmake/fake_sensorsConfig-version.cmake
[6.351s] -- Up-to-date: /home/homer/Documents/Ros2FakeSensors/fake_sensors/install/fake_sensors/share/fake_sensors/package.xml
[6.356s] Invoked command in '/home/homer/Documents/Ros2FakeSensors/fake_sensors/build/fake_sensors' returned '0': CMAKE_PREFIX_PATH=${CMAKE_PREFIX_PATH}:/opt/ros/jazzy DEBUGINFOD_URLS=https://debuginfod.ubuntu.com /usr/bin/cmake --install /home/homer/Documents/Ros2FakeSensors/fake_sensors/build/fake_sensors
