[0.020s] Invoking command in '/home/homer/Documents/Ros2FakeSensors/fake_sensors/build/fake_sensors': CMAKE_PREFIX_PATH=${CMAKE_PREFIX_PATH}:/opt/ros/jazzy DEBUGINFOD_URLS=https://debuginfod.ubuntu.com /usr/bin/cmake --build /home/homer/Documents/Ros2FakeSensors/fake_sensors/build/fake_sensors -- -j2 -l2
[0.141s] [ 33%] Built target fake_camera_pro
[0.160s] [ 50%] [32mBuilding CXX object CMakeFiles/camera_subscriber.dir/src/camera_subscriber.cpp.o[0m
[0.265s] [ 83%] Built target fake_lidar_pro
[9.139s] [100%] [32m[1mLinking CXX executable camera_subscriber[0m
[9.518s] [100%] Built target camera_subscriber
[9.539s] Invoked command in '/home/homer/Documents/Ros2FakeSensors/fake_sensors/build/fake_sensors' returned '0': CMAKE_PREFIX_PATH=${CMAKE_PREFIX_PATH}:/opt/ros/jazzy DEBUGINFOD_URLS=https://debuginfod.ubuntu.com /usr/bin/cmake --build /home/homer/Documents/Ros2FakeSensors/fake_sensors/build/fake_sensors -- -j2 -l2
[9.620s] Invoking command in '/home/homer/Documents/Ros2FakeSensors/fake_sensors/build/fake_sensors': CMAKE_PREFIX_PATH=${CMAKE_PREFIX_PATH}:/opt/ros/jazzy DEBUGINFOD_URLS=https://debuginfod.ubuntu.com /usr/bin/cmake --install /home/homer/Documents/Ros2FakeSensors/fake_sensors/build/fake_sensors
[9.633s] -- Install configuration: ""
[9.633s] -- Installing: /home/homer/Documents/Ros2FakeSensors/fake_sensors/install/fake_sensors/lib/fake_sensors/camera_subscriber
[9.642s] -- Set non-toolchain portion of runtime path of "/home/homer/Documents/Ros2FakeSensors/fake_sensors/install/fake_sensors/lib/fake_sensors/camera_subscriber" to ""
[9.643s] -- Up-to-date: /home/homer/Documents/Ros2FakeSensors/fake_sensors/install/fake_sensors/lib/fake_sensors/fake_lidar_pro
[9.643s] -- Up-to-date: /home/homer/Documents/Ros2FakeSensors/fake_sensors/install/fake_sensors/lib/fake_sensors/fake_camera_pro
[9.644s] -- Up-to-date: /home/homer/Documents/Ros2FakeSensors/fake_sensors/install/fake_sensors/share/ament_index/resource_index/package_run_dependencies/fake_sensors
[9.645s] -- Up-to-date: /home/homer/Documents/Ros2FakeSensors/fake_sensors/install/fake_sensors/share/ament_index/resource_index/parent_prefix_path/fake_sensors
[9.645s] -- Up-to-date: /home/homer/Documents/Ros2FakeSensors/fake_sensors/install/fake_sensors/share/fake_sensors/environment/ament_prefix_path.sh
[9.646s] -- Up-to-date: /home/homer/Documents/Ros2FakeSensors/fake_sensors/install/fake_sensors/share/fake_sensors/environment/ament_prefix_path.dsv
[9.647s] -- Up-to-date: /home/homer/Documents/Ros2FakeSensors/fake_sensors/install/fake_sensors/share/fake_sensors/environment/path.sh
[9.647s] -- Up-to-date: /home/homer/Documents/Ros2FakeSensors/fake_sensors/install/fake_sensors/share/fake_sensors/environment/path.dsv
[9.648s] -- Up-to-date: /home/homer/Documents/Ros2FakeSensors/fake_sensors/install/fake_sensors/share/fake_sensors/local_setup.bash
[9.648s] -- Up-to-date: /home/homer/Documents/Ros2FakeSensors/fake_sensors/install/fake_sensors/share/fake_sensors/local_setup.sh
[9.648s] -- Up-to-date: /home/homer/Documents/Ros2FakeSensors/fake_sensors/install/fake_sensors/share/fake_sensors/local_setup.zsh
[9.648s] -- Up-to-date: /home/homer/Documents/Ros2FakeSensors/fake_sensors/install/fake_sensors/share/fake_sensors/local_setup.dsv
[9.648s] -- Installing: /home/homer/Documents/Ros2FakeSensors/fake_sensors/install/fake_sensors/share/fake_sensors/package.dsv
[9.648s] -- Up-to-date: /home/homer/Documents/Ros2FakeSensors/fake_sensors/install/fake_sensors/share/ament_index/resource_index/packages/fake_sensors
[9.648s] -- Up-to-date: /home/homer/Documents/Ros2FakeSensors/fake_sensors/install/fake_sensors/share/fake_sensors/cmake/fake_sensorsConfig.cmake
[9.648s] -- Up-to-date: /home/homer/Documents/Ros2FakeSensors/fake_sensors/install/fake_sensors/share/fake_sensors/cmake/fake_sensorsConfig-version.cmake
[9.648s] -- Up-to-date: /home/homer/Documents/Ros2FakeSensors/fake_sensors/install/fake_sensors/share/fake_sensors/package.xml
[9.652s] Invoked command in '/home/homer/Documents/Ros2FakeSensors/fake_sensors/build/fake_sensors' returned '0': CMAKE_PREFIX_PATH=${CMAKE_PREFIX_PATH}:/opt/ros/jazzy DEBUGINFOD_URLS=https://debuginfod.ubuntu.com /usr/bin/cmake --install /home/homer/Documents/Ros2FakeSensors/fake_sensors/build/fake_sensors
