[0.023s] Invoking command in '/home/homer/Documents/Ros2FakeSensors/fake_sensors/build/fake_sensors': CMAKE_PREFIX_PATH=${CMAKE_PREFIX_PATH}:/opt/ros/jazzy DEBUGINFOD_URLS=https://debuginfod.ubuntu.com /usr/bin/cmake --build /home/homer/Documents/Ros2FakeSensors/fake_sensors/build/fake_sensors -- -j2 -l2
[0.149s] [ 16%] [32mBuilding CXX object CMakeFiles/camera_subscriber.dir/src/camera_subscriber.cpp.o[0m
[0.159s] [ 50%] Built target fake_camera_pro
[0.187s] [ 83%] Built target fake_lidar_pro
[9.658s] [100%] [32m[1mLinking CXX executable camera_subscriber[0m
[10.029s] [100%] Built target camera_subscriber
[10.050s] Invoked command in '/home/homer/Documents/Ros2FakeSensors/fake_sensors/build/fake_sensors' returned '0': CMAKE_PREFIX_PATH=${CMAKE_PREFIX_PATH}:/opt/ros/jazzy DEBUGINFOD_URLS=https://debuginfod.ubuntu.com /usr/bin/cmake --build /home/homer/Documents/Ros2FakeSensors/fake_sensors/build/fake_sensors -- -j2 -l2
[10.141s] Invoking command in '/home/homer/Documents/Ros2FakeSensors/fake_sensors/build/fake_sensors': CMAKE_PREFIX_PATH=${CMAKE_PREFIX_PATH}:/opt/ros/jazzy DEBUGINFOD_URLS=https://debuginfod.ubuntu.com /usr/bin/cmake --install /home/homer/Documents/Ros2FakeSensors/fake_sensors/build/fake_sensors
[10.155s] -- Install configuration: ""
[10.158s] -- Installing: /home/homer/Documents/Ros2FakeSensors/fake_sensors/install/fake_sensors/lib/fake_sensors/camera_subscriber
[10.167s] -- Set non-toolchain portion of runtime path of "/home/homer/Documents/Ros2FakeSensors/fake_sensors/install/fake_sensors/lib/fake_sensors/camera_subscriber" to ""
[10.167s] -- Up-to-date: /home/homer/Documents/Ros2FakeSensors/fake_sensors/install/fake_sensors/lib/fake_sensors/fake_lidar_pro
[10.167s] -- Up-to-date: /home/homer/Documents/Ros2FakeSensors/fake_sensors/install/fake_sensors/lib/fake_sensors/fake_camera_pro
[10.168s] -- Up-to-date: /home/homer/Documents/Ros2FakeSensors/fake_sensors/install/fake_sensors/share/ament_index/resource_index/package_run_dependencies/fake_sensors
[10.169s] -- Up-to-date: /home/homer/Documents/Ros2FakeSensors/fake_sensors/install/fake_sensors/share/ament_index/resource_index/parent_prefix_path/fake_sensors
[10.170s] -- Up-to-date: /home/homer/Documents/Ros2FakeSensors/fake_sensors/install/fake_sensors/share/fake_sensors/environment/ament_prefix_path.sh
[10.170s] -- Up-to-date: /home/homer/Documents/Ros2FakeSensors/fake_sensors/install/fake_sensors/share/fake_sensors/environment/ament_prefix_path.dsv
[10.170s] -- Up-to-date: /home/homer/Documents/Ros2FakeSensors/fake_sensors/install/fake_sensors/share/fake_sensors/environment/path.sh
[10.170s] -- Up-to-date: /home/homer/Documents/Ros2FakeSensors/fake_sensors/install/fake_sensors/share/fake_sensors/environment/path.dsv
[10.170s] -- Up-to-date: /home/homer/Documents/Ros2FakeSensors/fake_sensors/install/fake_sensors/share/fake_sensors/local_setup.bash
[10.170s] -- Up-to-date: /home/homer/Documents/Ros2FakeSensors/fake_sensors/install/fake_sensors/share/fake_sensors/local_setup.sh
[10.170s] -- Up-to-date: /home/homer/Documents/Ros2FakeSensors/fake_sensors/install/fake_sensors/share/fake_sensors/local_setup.zsh
[10.170s] -- Up-to-date: /home/homer/Documents/Ros2FakeSensors/fake_sensors/install/fake_sensors/share/fake_sensors/local_setup.dsv
[10.170s] -- Installing: /home/homer/Documents/Ros2FakeSensors/fake_sensors/install/fake_sensors/share/fake_sensors/package.dsv
[10.170s] -- Up-to-date: /home/homer/Documents/Ros2FakeSensors/fake_sensors/install/fake_sensors/share/ament_index/resource_index/packages/fake_sensors
[10.170s] -- Up-to-date: /home/homer/Documents/Ros2FakeSensors/fake_sensors/install/fake_sensors/share/fake_sensors/cmake/fake_sensorsConfig.cmake
[10.170s] -- Up-to-date: /home/homer/Documents/Ros2FakeSensors/fake_sensors/install/fake_sensors/share/fake_sensors/cmake/fake_sensorsConfig-version.cmake
[10.170s] -- Up-to-date: /home/homer/Documents/Ros2FakeSensors/fake_sensors/install/fake_sensors/share/fake_sensors/package.xml
[10.173s] Invoked command in '/home/homer/Documents/Ros2FakeSensors/fake_sensors/build/fake_sensors' returned '0': CMAKE_PREFIX_PATH=${CMAKE_PREFIX_PATH}:/opt/ros/jazzy DEBUGINFOD_URLS=https://debuginfod.ubuntu.com /usr/bin/cmake --install /home/homer/Documents/Ros2FakeSensors/fake_sensors/build/fake_sensors
