[0.096s] DEBUG:colcon:Command line arguments: ['/usr/bin/colcon', 'build', '--packages-select', 'fake_sensors']
[0.096s] DEBUG:colcon:Parsed command line arguments: Namespace(log_base=None, log_level=None, verb_name='build', build_base='build', install_base='install', merge_install=False, symlink_install=False, test_result_base=None, continue_on_error=False, executor='parallel', parallel_workers=2, event_handlers=None, ignore_user_meta=False, metas=['./colcon.meta'], base_paths=['.'], packages_ignore=None, packages_ignore_regex=None, paths=None, packages_up_to=None, packages_up_to_regex=None, packages_above=None, packages_above_and_dependencies=None, packages_above_depth=None, packages_select_by_dep=None, packages_skip_by_dep=None, packages_skip_up_to=None, packages_select_build_failed=False, packages_skip_build_finished=False, packages_select_test_failures=False, packages_skip_test_passed=False, packages_select=['fake_sensors'], packages_skip=None, packages_select_regex=None, packages_skip_regex=None, packages_start=None, packages_end=None, allow_overriding=[], cmake_args=None, cmake_target=None, cmake_target_skip_unavailable=False, cmake_clean_cache=False, cmake_clean_first=False, cmake_force_configure=False, ament_cmake_args=None, catkin_cmake_args=None, catkin_skip_building_tests=False, mixin_files=None, mixin=None, verb_parser=<colcon_mixin.mixin.mixin_argument.MixinArgumentDecorator object at 0x76f92054d0d0>, verb_extension=<colcon_core.verb.build.BuildVerb object at 0x76f92054cdd0>, main=<bound method BuildVerb.main of <colcon_core.verb.build.BuildVerb object at 0x76f92054cdd0>>, mixin_verb=('build',))
[0.138s] Level 1:colcon.colcon_core.package_discovery:discover_packages(colcon_meta) check parameters
[0.139s] Level 1:colcon.colcon_core.package_discovery:discover_packages(recursive) check parameters
[0.139s] Level 1:colcon.colcon_core.package_discovery:discover_packages(ignore) check parameters
[0.139s] Level 1:colcon.colcon_core.package_discovery:discover_packages(path) check parameters
[0.139s] Level 1:colcon.colcon_core.package_discovery:discover_packages(colcon_meta) discover
[0.139s] Level 1:colcon.colcon_core.package_discovery:discover_packages(recursive) discover
[0.139s] INFO:colcon.colcon_core.package_discovery:Crawling recursively for packages in '/home/homer/Documents/Ros2FakeSensors/fake_sensors'
[0.139s] Level 1:colcon.colcon_core.package_identification:_identify(.) by extensions ['ignore', 'ignore_ament_install']
[0.139s] Level 1:colcon.colcon_core.package_identification:_identify(.) by extension 'ignore'
[0.139s] Level 1:colcon.colcon_core.package_identification:_identify(.) by extension 'ignore_ament_install'
[0.139s] Level 1:colcon.colcon_core.package_identification:_identify(.) by extensions ['colcon_pkg']
[0.139s] Level 1:colcon.colcon_core.package_identification:_identify(.) by extension 'colcon_pkg'
[0.139s] Level 1:colcon.colcon_core.package_identification:_identify(.) by extensions ['colcon_meta']
[0.139s] Level 1:colcon.colcon_core.package_identification:_identify(.) by extension 'colcon_meta'
[0.139s] Level 1:colcon.colcon_core.package_identification:_identify(.) by extensions ['ros']
[0.139s] Level 1:colcon.colcon_core.package_identification:_identify(.) by extension 'ros'
[0.161s] DEBUG:colcon.colcon_core.package_identification:Package '.' with type 'ros.ament_cmake' and name 'fake_sensors'
[0.161s] Level 1:colcon.colcon_core.package_discovery:discover_packages(recursive) using defaults
[0.161s] Level 1:colcon.colcon_core.package_discovery:discover_packages(ignore) discover
[0.161s] Level 1:colcon.colcon_core.package_discovery:discover_packages(ignore) using defaults
[0.162s] Level 1:colcon.colcon_core.package_discovery:discover_packages(path) discover
[0.162s] Level 1:colcon.colcon_core.package_discovery:discover_packages(path) using defaults
[0.176s] Level 1:colcon.colcon_core.package_discovery:discover_packages(prefix_path) check parameters
[0.176s] Level 1:colcon.colcon_core.package_discovery:discover_packages(prefix_path) discover
[0.177s] DEBUG:colcon.colcon_installed_package_information.package_discovery:Found 1 installed packages in /home/homer/Documents/Ros2FakeSensors/fake_sensors/install
[0.178s] DEBUG:colcon.colcon_installed_package_information.package_discovery:Found 243 installed packages in /opt/ros/jazzy
[0.179s] Level 1:colcon.colcon_core.package_discovery:discover_packages(prefix_path) using defaults
[0.211s] Level 5:colcon.colcon_core.verb:set package 'fake_sensors' build argument 'cmake_args' from command line to 'None'
[0.211s] Level 5:colcon.colcon_core.verb:set package 'fake_sensors' build argument 'cmake_target' from command line to 'None'
[0.211s] Level 5:colcon.colcon_core.verb:set package 'fake_sensors' build argument 'cmake_target_skip_unavailable' from command line to 'False'
[0.211s] Level 5:colcon.colcon_core.verb:set package 'fake_sensors' build argument 'cmake_clean_cache' from command line to 'False'
[0.211s] Level 5:colcon.colcon_core.verb:set package 'fake_sensors' build argument 'cmake_clean_first' from command line to 'False'
[0.211s] Level 5:colcon.colcon_core.verb:set package 'fake_sensors' build argument 'cmake_force_configure' from command line to 'False'
[0.211s] Level 5:colcon.colcon_core.verb:set package 'fake_sensors' build argument 'ament_cmake_args' from command line to 'None'
[0.211s] Level 5:colcon.colcon_core.verb:set package 'fake_sensors' build argument 'catkin_cmake_args' from command line to 'None'
[0.211s] Level 5:colcon.colcon_core.verb:set package 'fake_sensors' build argument 'catkin_skip_building_tests' from command line to 'False'
[0.211s] DEBUG:colcon.colcon_core.verb:Building package 'fake_sensors' with the following arguments: {'ament_cmake_args': None, 'build_base': '/home/homer/Documents/Ros2FakeSensors/fake_sensors/build/fake_sensors', 'catkin_cmake_args': None, 'catkin_skip_building_tests': False, 'cmake_args': None, 'cmake_clean_cache': False, 'cmake_clean_first': False, 'cmake_force_configure': False, 'cmake_target': None, 'cmake_target_skip_unavailable': False, 'install_base': '/home/homer/Documents/Ros2FakeSensors/fake_sensors/install/fake_sensors', 'merge_install': False, 'path': '/home/homer/Documents/Ros2FakeSensors/fake_sensors', 'symlink_install': False, 'test_result_base': None}
[0.211s] INFO:colcon.colcon_core.executor:Executing jobs using 'parallel' executor
[0.216s] DEBUG:colcon.colcon_parallel_executor.executor.parallel:run_until_complete
[0.216s] INFO:colcon.colcon_ros.task.ament_cmake.build:Building ROS package in '/home/homer/Documents/Ros2FakeSensors/fake_sensors' with build type 'ament_cmake'
[0.216s] INFO:colcon.colcon_cmake.task.cmake.build:Building CMake package in '/home/homer/Documents/Ros2FakeSensors/fake_sensors'
[0.217s] INFO:colcon.colcon_core.plugin_system:Skipping extension 'colcon_core.shell.bat': Not used on non-Windows systems
[0.219s] INFO:colcon.colcon_core.shell:Skip shell extension 'powershell' for command environment: Not usable outside of PowerShell
[0.219s] DEBUG:colcon.colcon_core.shell:Skip shell extension 'dsv' for command environment
[0.243s] DEBUG:colcon.colcon_core.event_handler.log_command:Invoking command in '/home/homer/Documents/Ros2FakeSensors/fake_sensors/build/fake_sensors': CMAKE_PREFIX_PATH=${CMAKE_PREFIX_PATH}:/opt/ros/jazzy DEBUGINFOD_URLS=https://debuginfod.ubuntu.com /usr/bin/cmake --build /home/homer/Documents/Ros2FakeSensors/fake_sensors/build/fake_sensors -- -j2 -l2
[8.719s] DEBUG:colcon.colcon_core.event_handler.log_command:Invoked command in '/home/homer/Documents/Ros2FakeSensors/fake_sensors/build/fake_sensors' returned '0': CMAKE_PREFIX_PATH=${CMAKE_PREFIX_PATH}:/opt/ros/jazzy DEBUGINFOD_URLS=https://debuginfod.ubuntu.com /usr/bin/cmake --build /home/homer/Documents/Ros2FakeSensors/fake_sensors/build/fake_sensors -- -j2 -l2
[8.810s] DEBUG:colcon.colcon_core.event_handler.log_command:Invoking command in '/home/homer/Documents/Ros2FakeSensors/fake_sensors/build/fake_sensors': CMAKE_PREFIX_PATH=${CMAKE_PREFIX_PATH}:/opt/ros/jazzy DEBUGINFOD_URLS=https://debuginfod.ubuntu.com /usr/bin/cmake --install /home/homer/Documents/Ros2FakeSensors/fake_sensors/build/fake_sensors
[8.838s] Level 1:colcon.colcon_core.environment:create_environment_scripts_only(fake_sensors)
[8.839s] DEBUG:colcon.colcon_core.event_handler.log_command:Invoked command in '/home/homer/Documents/Ros2FakeSensors/fake_sensors/build/fake_sensors' returned '0': CMAKE_PREFIX_PATH=${CMAKE_PREFIX_PATH}:/opt/ros/jazzy DEBUGINFOD_URLS=https://debuginfod.ubuntu.com /usr/bin/cmake --install /home/homer/Documents/Ros2FakeSensors/fake_sensors/build/fake_sensors
[8.840s] Level 1:colcon.colcon_core.environment:checking '/home/homer/Documents/Ros2FakeSensors/fake_sensors/install/fake_sensors' for CMake module files
[8.841s] Level 1:colcon.colcon_core.environment:checking '/home/homer/Documents/Ros2FakeSensors/fake_sensors/install/fake_sensors' for CMake config files
[8.841s] Level 1:colcon.colcon_core.shell:create_environment_hook('fake_sensors', 'cmake_prefix_path')
[8.841s] INFO:colcon.colcon_core.shell:Creating environment hook '/home/homer/Documents/Ros2FakeSensors/fake_sensors/install/fake_sensors/share/fake_sensors/hook/cmake_prefix_path.ps1'
[8.843s] INFO:colcon.colcon_core.shell:Creating environment descriptor '/home/homer/Documents/Ros2FakeSensors/fake_sensors/install/fake_sensors/share/fake_sensors/hook/cmake_prefix_path.dsv'
[8.843s] INFO:colcon.colcon_core.shell:Creating environment hook '/home/homer/Documents/Ros2FakeSensors/fake_sensors/install/fake_sensors/share/fake_sensors/hook/cmake_prefix_path.sh'
[8.844s] Level 1:colcon.colcon_core.environment:checking '/home/homer/Documents/Ros2FakeSensors/fake_sensors/install/fake_sensors/lib'
[8.845s] Level 1:colcon.colcon_core.environment:checking '/home/homer/Documents/Ros2FakeSensors/fake_sensors/install/fake_sensors/bin'
[8.845s] Level 1:colcon.colcon_core.environment:checking '/home/homer/Documents/Ros2FakeSensors/fake_sensors/install/fake_sensors/lib/pkgconfig/fake_sensors.pc'
[8.845s] Level 1:colcon.colcon_core.environment:checking '/home/homer/Documents/Ros2FakeSensors/fake_sensors/install/fake_sensors/lib/python3.12/site-packages'
[8.845s] Level 1:colcon.colcon_core.environment:checking '/home/homer/Documents/Ros2FakeSensors/fake_sensors/install/fake_sensors/bin'
[8.845s] INFO:colcon.colcon_core.shell:Creating package script '/home/homer/Documents/Ros2FakeSensors/fake_sensors/install/fake_sensors/share/fake_sensors/package.ps1'
[8.846s] INFO:colcon.colcon_core.shell:Creating package descriptor '/home/homer/Documents/Ros2FakeSensors/fake_sensors/install/fake_sensors/share/fake_sensors/package.dsv'
[8.847s] INFO:colcon.colcon_core.shell:Creating package script '/home/homer/Documents/Ros2FakeSensors/fake_sensors/install/fake_sensors/share/fake_sensors/package.sh'
[8.848s] INFO:colcon.colcon_core.shell:Creating package script '/home/homer/Documents/Ros2FakeSensors/fake_sensors/install/fake_sensors/share/fake_sensors/package.bash'
[8.848s] INFO:colcon.colcon_core.shell:Creating package script '/home/homer/Documents/Ros2FakeSensors/fake_sensors/install/fake_sensors/share/fake_sensors/package.zsh'
[8.849s] Level 1:colcon.colcon_core.environment:create_file_with_runtime_dependencies(/home/homer/Documents/Ros2FakeSensors/fake_sensors/install/fake_sensors/share/colcon-core/packages/fake_sensors)
[8.940s] Level 1:colcon.colcon_core.environment:create_environment_scripts_only(fake_sensors)
[8.940s] Level 1:colcon.colcon_core.environment:checking '/home/homer/Documents/Ros2FakeSensors/fake_sensors/install/fake_sensors' for CMake module files
[8.941s] Level 1:colcon.colcon_core.environment:checking '/home/homer/Documents/Ros2FakeSensors/fake_sensors/install/fake_sensors' for CMake config files
[8.941s] Level 1:colcon.colcon_core.shell:create_environment_hook('fake_sensors', 'cmake_prefix_path')
[8.941s] INFO:colcon.colcon_core.shell:Creating environment hook '/home/homer/Documents/Ros2FakeSensors/fake_sensors/install/fake_sensors/share/fake_sensors/hook/cmake_prefix_path.ps1'
[8.942s] INFO:colcon.colcon_core.shell:Creating environment descriptor '/home/homer/Documents/Ros2FakeSensors/fake_sensors/install/fake_sensors/share/fake_sensors/hook/cmake_prefix_path.dsv'
[8.943s] INFO:colcon.colcon_core.shell:Creating environment hook '/home/homer/Documents/Ros2FakeSensors/fake_sensors/install/fake_sensors/share/fake_sensors/hook/cmake_prefix_path.sh'
[8.944s] Level 1:colcon.colcon_core.environment:checking '/home/homer/Documents/Ros2FakeSensors/fake_sensors/install/fake_sensors/lib'
[8.944s] Level 1:colcon.colcon_core.environment:checking '/home/homer/Documents/Ros2FakeSensors/fake_sensors/install/fake_sensors/bin'
[8.944s] Level 1:colcon.colcon_core.environment:checking '/home/homer/Documents/Ros2FakeSensors/fake_sensors/install/fake_sensors/lib/pkgconfig/fake_sensors.pc'
[8.945s] Level 1:colcon.colcon_core.environment:checking '/home/homer/Documents/Ros2FakeSensors/fake_sensors/install/fake_sensors/lib/python3.12/site-packages'
[8.946s] Level 1:colcon.colcon_core.environment:checking '/home/homer/Documents/Ros2FakeSensors/fake_sensors/install/fake_sensors/bin'
[8.946s] INFO:colcon.colcon_core.shell:Creating package script '/home/homer/Documents/Ros2FakeSensors/fake_sensors/install/fake_sensors/share/fake_sensors/package.ps1'
[8.946s] INFO:colcon.colcon_core.shell:Creating package descriptor '/home/homer/Documents/Ros2FakeSensors/fake_sensors/install/fake_sensors/share/fake_sensors/package.dsv'
[8.947s] INFO:colcon.colcon_core.shell:Creating package script '/home/homer/Documents/Ros2FakeSensors/fake_sensors/install/fake_sensors/share/fake_sensors/package.sh'
[8.948s] INFO:colcon.colcon_core.shell:Creating package script '/home/homer/Documents/Ros2FakeSensors/fake_sensors/install/fake_sensors/share/fake_sensors/package.bash'
[8.949s] INFO:colcon.colcon_core.shell:Creating package script '/home/homer/Documents/Ros2FakeSensors/fake_sensors/install/fake_sensors/share/fake_sensors/package.zsh'
[8.949s] Level 1:colcon.colcon_core.environment:create_file_with_runtime_dependencies(/home/homer/Documents/Ros2FakeSensors/fake_sensors/install/fake_sensors/share/colcon-core/packages/fake_sensors)
[8.950s] DEBUG:colcon.colcon_parallel_executor.executor.parallel:closing loop
[8.950s] DEBUG:colcon.colcon_parallel_executor.executor.parallel:loop closed
[8.950s] DEBUG:colcon.colcon_parallel_executor.executor.parallel:run_until_complete finished with '0'
[8.950s] DEBUG:colcon.colcon_core.event_reactor:joining thread
[8.963s] INFO:colcon.colcon_core.plugin_system:Skipping extension 'colcon_notification.desktop_notification.terminal_notifier': Not used on non-Darwin systems
[8.963s] INFO:colcon.colcon_core.plugin_system:Skipping extension 'colcon_notification.desktop_notification.win32': Not used on non-Windows systems
[8.964s] INFO:colcon.colcon_notification.desktop_notification:Sending desktop notification using 'notify2'
[8.996s] DEBUG:colcon.colcon_core.event_reactor:joined thread
[8.996s] INFO:colcon.colcon_core.shell:Creating prefix script '/home/homer/Documents/Ros2FakeSensors/fake_sensors/install/local_setup.ps1'
[8.998s] INFO:colcon.colcon_core.shell:Creating prefix util module '/home/homer/Documents/Ros2FakeSensors/fake_sensors/install/_local_setup_util_ps1.py'
[9.000s] INFO:colcon.colcon_core.shell:Creating prefix chain script '/home/homer/Documents/Ros2FakeSensors/fake_sensors/install/setup.ps1'
[9.002s] INFO:colcon.colcon_core.shell:Creating prefix script '/home/homer/Documents/Ros2FakeSensors/fake_sensors/install/local_setup.sh'
[9.003s] INFO:colcon.colcon_core.shell:Creating prefix util module '/home/homer/Documents/Ros2FakeSensors/fake_sensors/install/_local_setup_util_sh.py'
[9.005s] INFO:colcon.colcon_core.shell:Creating prefix chain script '/home/homer/Documents/Ros2FakeSensors/fake_sensors/install/setup.sh'
[9.007s] INFO:colcon.colcon_core.shell:Creating prefix script '/home/homer/Documents/Ros2FakeSensors/fake_sensors/install/local_setup.bash'
[9.008s] INFO:colcon.colcon_core.shell:Creating prefix chain script '/home/homer/Documents/Ros2FakeSensors/fake_sensors/install/setup.bash'
[9.009s] INFO:colcon.colcon_core.shell:Creating prefix script '/home/homer/Documents/Ros2FakeSensors/fake_sensors/install/local_setup.zsh'
[9.010s] INFO:colcon.colcon_core.shell:Creating prefix chain script '/home/homer/Documents/Ros2FakeSensors/fake_sensors/install/setup.zsh'
